c:\users\admin\source\repos\volumetrigger\volumetrigger\x64\debug\vc143.pdb
c:\users\admin\source\repos\volumetrigger\volumetrigger\x64\debug\vc143.idb
c:\users\admin\source\repos\volumetrigger\volumetrigger\x64\debug\main.obj
c:\users\admin\source\repos\volumetrigger\volumetrigger\x64\debug\session.h.ifc
c:\users\admin\source\repos\volumetrigger\volumetrigger\x64\debug\session.h.ifc.d.json
c:\users\admin\source\repos\volumetrigger\volumetrigger\x64\debug\session.h.obj
c:\users\admin\source\repos\volumetrigger\volumetrigger\x64\debug\session.h.module.json
c:\users\admin\source\repos\volumetrigger\x64\debug\volumetrigger.pdb
c:\users\admin\source\repos\volumetrigger\volumetrigger\x64\debug\volumetrigger.tlog\cl.command.1.tlog
c:\users\admin\source\repos\volumetrigger\volumetrigger\x64\debug\volumetrigger.tlog\link-cvtres.read.1.tlog
c:\users\admin\source\repos\volumetrigger\volumetrigger\x64\debug\volumetrigger.tlog\link-cvtres.write.1.tlog
c:\users\admin\source\repos\volumetrigger\volumetrigger\x64\debug\volumetrigger.tlog\link-rc.read.1.tlog
c:\users\admin\source\repos\volumetrigger\volumetrigger\x64\debug\volumetrigger.tlog\link-rc.write.1.tlog
c:\users\admin\source\repos\volumetrigger\volumetrigger\x64\debug\volumetrigger.tlog\link.command.1.tlog
c:\users\admin\source\repos\volumetrigger\volumetrigger\x64\debug\volumetrigger.tlog\link.read.1.tlog
c:\users\admin\source\repos\volumetrigger\volumetrigger\x64\debug\volumetrigger.tlog\link.read.2.tlog
c:\users\admin\source\repos\volumetrigger\volumetrigger\x64\debug\volumetrigger.tlog\link.read.3.tlog
c:\users\admin\source\repos\volumetrigger\volumetrigger\x64\debug\volumetrigger.tlog\link.read.4.tlog
c:\users\admin\source\repos\volumetrigger\volumetrigger\x64\debug\volumetrigger.tlog\link.write.1.tlog
c:\users\admin\source\repos\volumetrigger\volumetrigger\x64\debug\volumetrigger.tlog\microsoft.build.cpptasks.cl.read.1.tlog
c:\users\admin\source\repos\volumetrigger\volumetrigger\x64\debug\volumetrigger.tlog\microsoft.build.cpptasks.cl.write.1.tlog
c:\users\admin\source\repos\volumetrigger\volumetrigger\x64\debug\volumetrigger_md.tlog\cl.command.1.tlog
c:\users\admin\source\repos\volumetrigger\volumetrigger\x64\debug\volumetrigger_md.tlog\microsoft.build.cpptasks.cl.read.1.tlog
c:\users\admin\source\repos\volumetrigger\volumetrigger\x64\debug\volumetrigger_md.tlog\microsoft.build.cpptasks.cl.write.1.tlog
